TN:
SF:src\components\admin\AdminProtectedRoute.tsx
FN:7,(anonymous_0)
FNF:1
FNH:1
FNDA:14,(anonymous_0)
DA:7,2
DA:8,14
DA:9,14
DA:10,14
DA:12,14
DA:13,1
DA:20,13
DA:21,6
DA:22,6
DA:25,7
DA:26,6
DA:29,1
LF:12
LH:12
BRDA:12,0,0,1
BRDA:12,0,1,13
BRDA:12,1,0,14
BRDA:12,1,1,13
BRDA:20,2,0,6
BRDA:20,2,1,7
BRDA:25,3,0,6
BRDA:25,3,1,1
BRF:8
BRH:8
end_of_record
TN:
SF:src\features\admin\security\adminFunctionPolicy.ts
FN:13,(anonymous_0)
FN:25,(anonymous_1)
FN:32,(anonymous_2)
FN:40,(anonymous_3)
FN:48,(anonymous_4)
FN:63,(anonymous_5)
FNF:6
FNH:6
FNDA:6,(anonymous_0)
FNDA:11,(anonymous_1)
FNDA:6,(anonymous_2)
FNDA:3,(anonymous_3)
FNDA:3,(anonymous_4)
FNDA:9,(anonymous_5)
DA:3,1
DA:14,6
DA:15,6
DA:19,1
DA:20,1
DA:21,1
DA:22,1
DA:23,1
DA:25,1
DA:26,11
DA:27,1
DA:29,10
DA:32,1
DA:33,6
DA:34,6
DA:35,2
DA:37,3
DA:40,1
DA:41,3
DA:42,3
DA:43,0
DA:45,3
DA:48,1
DA:49,3
DA:50,2
DA:51,2
DA:52,1
DA:54,1
DA:63,1
DA:64,9
DA:65,1
DA:68,8
DA:69,1
DA:72,7
DA:74,1
DA:76,1
DA:78,1
DA:80,4
LF:38
LH:37
BRDA:26,0,0,1
BRDA:26,0,1,10
BRDA:32,1,0,6
BRDA:34,2,0,2
BRDA:34,2,1,4
BRDA:34,3,0,6
BRDA:34,3,1,5
BRDA:34,3,2,5
BRDA:42,4,0,0
BRDA:42,4,1,3
BRDA:42,5,0,3
BRDA:42,5,1,3
BRDA:49,6,0,1
BRDA:49,6,1,2
BRDA:51,7,0,1
BRDA:51,7,1,1
BRDA:54,8,0,1
BRDA:54,8,1,0
BRDA:63,9,0,9
BRDA:64,10,0,1
BRDA:64,10,1,8
BRDA:68,11,0,1
BRDA:68,11,1,7
BRDA:72,12,0,7
BRDA:72,12,1,1
BRDA:72,12,2,1
BRDA:72,12,3,4
BRF:27
BRH:25
end_of_record
