TN:
SF:src\components\admin\AdminProtectedRoute.tsx
FN:7,(anonymous_0)
FNF:1
FNH:1
FNDA:14,(anonymous_0)
DA:7,2
DA:8,14
DA:9,14
DA:10,14
DA:12,14
DA:13,1
DA:20,13
DA:21,6
DA:22,6
DA:25,7
DA:26,6
DA:29,1
LF:12
LH:12
BRDA:12,0,0,1
BRDA:12,0,1,13
BRDA:12,1,0,14
BRDA:12,1,1,13
BRDA:20,2,0,6
BRDA:20,2,1,7
BRDA:25,3,0,6
BRDA:25,3,1,1
BRF:8
BRH:8
end_of_record
TN:
SF:src\features\admin\security\adminFunctionPolicy.ts
FN:13,constructor
FN:25,(anonymous_1)
FN:32,(anonymous_2)
FN:40,(anonymous_3)
FN:48,(anonymous_4)
FN:57,(anonymous_5)
FN:71,(anonymous_6)
FNF:7
FNH:7
FNDA:10,constructor
FNDA:16,(anonymous_1)
FNDA:8,(anonymous_2)
FNDA:4,(anonymous_3)
FNDA:8,(anonymous_4)
FNDA:10,(anonymous_5)
FNDA:14,(anonymous_6)
DA:3,1
DA:14,10
DA:15,10
DA:19,1
DA:20,1
DA:21,1
DA:22,1
DA:23,1
DA:25,1
DA:26,16
DA:27,1
DA:29,15
DA:32,1
DA:33,8
DA:34,8
DA:35,2
DA:37,5
DA:40,1
DA:41,4
DA:42,4
DA:43,2
DA:45,2
DA:48,1
DA:49,8
DA:50,4
DA:51,4
DA:52,1
DA:54,3
DA:57,1
DA:58,10
DA:59,3
DA:60,2
DA:62,1
DA:71,1
DA:72,14
DA:73,1
DA:76,13
DA:77,1
DA:80,12
DA:82,1
DA:84,1
DA:87,3
DA:88,3
DA:89,3
DA:98,7
DA:99,7
DA:100,7
LF:47
LH:47
BRDA:26,0,0,1
BRDA:26,0,1,15
BRDA:32,1,0,8
BRDA:34,2,0,2
BRDA:34,2,1,6
BRDA:34,3,0,8
BRDA:34,3,1,7
BRDA:34,3,2,7
BRDA:42,4,0,2
BRDA:42,4,1,2
BRDA:42,5,0,4
BRDA:42,5,1,3
BRDA:49,6,0,4
BRDA:49,6,1,4
BRDA:51,7,0,1
BRDA:51,7,1,3
BRDA:54,8,0,3
BRDA:54,8,1,0
BRDA:58,9,0,7
BRDA:58,9,1,3
BRDA:59,10,0,2
BRDA:59,10,1,1
BRDA:59,11,0,3
BRDA:59,11,1,2
BRDA:71,12,0,14
BRDA:72,13,0,1
BRDA:72,13,1,13
BRDA:76,14,0,1
BRDA:76,14,1,12
BRDA:80,15,0,12
BRDA:80,15,1,1
BRDA:80,15,2,3
BRDA:80,15,3,7
BRDA:92,16,0,1
BRDA:92,16,1,0
BRDA:93,17,0,1
BRDA:93,17,1,0
BRDA:105,18,0,0
BRDA:105,18,1,2
BRF:39
BRH:35
end_of_record
